CastError: Cast to Embedded failed for value "true" (type boolean) at path "phone_tasdiqlandi" for model "billing_abonent"
    at SchemaSubdocument.castForQuery (C:\Users\User\Desktop\NODEJS\AnvarjonBiznesInveset\node_modules\mongoose\lib\schema\subdocument.js:238:13)
    at cast (C:\Users\User\Desktop\NODEJS\AnvarjonBiznesInveset\node_modules\mongoose\lib\cast.js:390:32)
    at Query.cast (C:\Users\User\Desktop\NODEJS\AnvarjonBiznesInveset\node_modules\mongoose\lib\query.js:4889:12)
    at Query._castConditions (C:\Users\User\Desktop\NODEJS\AnvarjonBiznesInveset\node_modules\mongoose\lib\query.js:2306:10)
    at model.Query._find (C:\Users\User\Desktop\NODEJS\AnvarjonBiznesInveset\node_modules\mongoose\lib\query.js:2333:8)
    at model.Query.exec (C:\Users\User\Desktop\NODEJS\AnvarjonBiznesInveset\node_modules\mongoose\lib\query.js:4438:80)
    at process.processTicksAndRejections (node:internal/process/task_queues:95:5)
    at async sendKunlikPhoneReports (C:\Users\User\Desktop\NODEJS\AnvarjonBiznesInveset\intervals\kunlikPhoneReports.js:21:22) {
  stringValue: '"true"',
  messageFormat: undefined,
  kind: 'Embedded',
  value: true,
  path: 'phone_tasdiqlandi',
  reason: ObjectParameterError: Parameter "obj" to Document() must be an object, got "true" (type boolean)
      at SingleNested.Document (C:\Users\User\Desktop\NODEJS\AnvarjonBiznesInveset\node_modules\mongoose\lib\document.js:123:11)
      at SingleNested.Subdocument (C:\Users\User\Desktop\NODEJS\AnvarjonBiznesInveset\node_modules\mongoose\lib\types\subdocument.js:34:12)
      at new SingleNested (C:\Users\User\Desktop\NODEJS\AnvarjonBiznesInveset\node_modules\mongoose\lib\schema\subdocument.js:78:21)
      at SchemaSubdocument.castForQuery (C:\Users\User\Desktop\NODEJS\AnvarjonBiznesInveset\node_modules\mongoose\lib\schema\subdocument.js:234:11)
      at cast (C:\Users\User\Desktop\NODEJS\AnvarjonBiznesInveset\node_modules\mongoose\lib\cast.js:390:32)
      at Query.cast (C:\Users\User\Desktop\NODEJS\AnvarjonBiznesInveset\node_modules\mongoose\lib\query.js:4889:12)
      at Query._castConditions (C:\Users\User\Desktop\NODEJS\AnvarjonBiznesInveset\node_modules\mongoose\lib\query.js:2306:10)
      at model.Query._find (C:\Users\User\Desktop\NODEJS\AnvarjonBiznesInveset\node_modules\mongoose\lib\query.js:2333:8)
      at model.Query.exec (C:\Users\User\Desktop\NODEJS\AnvarjonBiznesInveset\node_modules\mongoose\lib\query.js:4438:80)
      at process.processTicksAndRejections (node:internal/process/task_queues:95:5)
      at async sendKunlikPhoneReports (C:\Users\User\Desktop\NODEJS\AnvarjonBiznesInveset\intervals\kunlikPhoneReports.js:21:22),
  valueType: 'boolean'
}
CastError: Cast to Embedded failed for value "true" (type boolean) at path "phone_tasdiqlandi" for model "billing_abonent"
    at SchemaSubdocument.castForQuery (C:\Users\User\Desktop\NODEJS\AnvarjonBiznesInveset\node_modules\mongoose\lib\schema\subdocument.js:238:13)
    at cast (C:\Users\User\Desktop\NODEJS\AnvarjonBiznesInveset\node_modules\mongoose\lib\cast.js:390:32)
    at Query.cast (C:\Users\User\Desktop\NODEJS\AnvarjonBiznesInveset\node_modules\mongoose\lib\query.js:4889:12)
    at Query._castConditions (C:\Users\User\Desktop\NODEJS\AnvarjonBiznesInveset\node_modules\mongoose\lib\query.js:2306:10)
    at model.Query._find (C:\Users\User\Desktop\NODEJS\AnvarjonBiznesInveset\node_modules\mongoose\lib\query.js:2333:8)
    at model.Query.exec (C:\Users\User\Desktop\NODEJS\AnvarjonBiznesInveset\node_modules\mongoose\lib\query.js:4438:80)
    at process.processTicksAndRejections (node:internal/process/task_queues:95:5)
    at async sendKunlikPhoneReports (C:\Users\User\Desktop\NODEJS\AnvarjonBiznesInveset\intervals\kunlikPhoneReports.js:21:22) {
  stringValue: '"true"',
  messageFormat: undefined,
  kind: 'Embedded',
  value: true,
  path: 'phone_tasdiqlandi',
  reason: ObjectParameterError: Parameter "obj" to Document() must be an object, got "true" (type boolean)
      at SingleNested.Document (C:\Users\User\Desktop\NODEJS\AnvarjonBiznesInveset\node_modules\mongoose\lib\document.js:123:11)
      at SingleNested.Subdocument (C:\Users\User\Desktop\NODEJS\AnvarjonBiznesInveset\node_modules\mongoose\lib\types\subdocument.js:34:12)
      at new SingleNested (C:\Users\User\Desktop\NODEJS\AnvarjonBiznesInveset\node_modules\mongoose\lib\schema\subdocument.js:78:21)
      at SchemaSubdocument.castForQuery (C:\Users\User\Desktop\NODEJS\AnvarjonBiznesInveset\node_modules\mongoose\lib\schema\subdocument.js:234:11)
      at cast (C:\Users\User\Desktop\NODEJS\AnvarjonBiznesInveset\node_modules\mongoose\lib\cast.js:390:32)
      at Query.cast (C:\Users\User\Desktop\NODEJS\AnvarjonBiznesInveset\node_modules\mongoose\lib\query.js:4889:12)
      at Query._castConditions (C:\Users\User\Desktop\NODEJS\AnvarjonBiznesInveset\node_modules\mongoose\lib\query.js:2306:10)
      at model.Query._find (C:\Users\User\Desktop\NODEJS\AnvarjonBiznesInveset\node_modules\mongoose\lib\query.js:2333:8)
      at model.Query.exec (C:\Users\User\Desktop\NODEJS\AnvarjonBiznesInveset\node_modules\mongoose\lib\query.js:4438:80)
      at process.processTicksAndRejections (node:internal/process/task_queues:95:5)
      at async sendKunlikPhoneReports (C:\Users\User\Desktop\NODEJS\AnvarjonBiznesInveset\intervals\kunlikPhoneReports.js:21:22),
  valueType: 'boolean'
}
Unhandled Rejection at: Promise {
  <rejected> TelegramError: 400: Bad Request: chat not found
      at Telegram.callApi (C:\Users\User\Desktop\NODEJS\AnvarjonBiznesInveset\node_modules\telegraf\lib\core\network\client.js:315:19)
      at process.processTicksAndRejections (node:internal/process/task_queues:95:5) {
    response: {
      ok: false,
      error_code: 400,
      description: 'Bad Request: chat not found'
    },
    on: { method: 'sendPhoto', payload: [Object] }
  }
} reason: TelegramError: 400: Bad Request: chat not found
    at Telegram.callApi (C:\Users\User\Desktop\NODEJS\AnvarjonBiznesInveset\node_modules\telegraf\lib\core\network\client.js:315:19)
    at process.processTicksAndRejections (node:internal/process/task_queues:95:5) {
  response: {
    ok: false,
    error_code: 400,
    description: 'Bad Request: chat not found'
  },
  on: {
    method: 'sendPhoto',
    payload: {
      chat_id: '-4647660392',
      photo: [Object],
      caption: 'Coded by <a href="https://t.me/oliy_ong_leader">Oliy Ong</a>',
      parse_mode: 'HTML'
    }
  }
}
Unhandled Rejection at: Promise {
  <rejected> TelegramError: 400: Bad Request: chat not found
      at Telegram.callApi (C:\Users\User\Desktop\NODEJS\AnvarjonBiznesInveset\node_modules\telegraf\lib\core\network\client.js:315:19)
      at process.processTicksAndRejections (node:internal/process/task_queues:95:5) {
    response: {
      ok: false,
      error_code: 400,
      description: 'Bad Request: chat not found'
    },
    on: { method: 'sendPhoto', payload: [Object] }
  }
} reason: TelegramError: 400: Bad Request: chat not found
    at Telegram.callApi (C:\Users\User\Desktop\NODEJS\AnvarjonBiznesInveset\node_modules\telegraf\lib\core\network\client.js:315:19)
    at process.processTicksAndRejections (node:internal/process/task_queues:95:5) {
  response: {
    ok: false,
    error_code: 400,
    description: 'Bad Request: chat not found'
  },
  on: {
    method: 'sendPhoto',
    payload: {
      chat_id: '-962682003',
      photo: [Object],
      caption: 'Coded by <a href="https://t.me/oliy_ong_leader">Oliy Ong</a>',
      parse_mode: 'HTML'
    }
  }
}
Unhandled Rejection at: Promise {
  <rejected> TelegramError: 400: Bad Request: chat not found
      at Telegram.callApi (C:\Users\User\Desktop\NODEJS\AnvarjonBiznesInveset\node_modules\telegraf\lib\core\network\client.js:315:19)
      at process.processTicksAndRejections (node:internal/process/task_queues:95:5) {
    response: {
      ok: false,
      error_code: 400,
      description: 'Bad Request: chat not found'
    },
    on: { method: 'sendPhoto', payload: [Object] }
  }
} reason: TelegramError: 400: Bad Request: chat not found
    at Telegram.callApi (C:\Users\User\Desktop\NODEJS\AnvarjonBiznesInveset\node_modules\telegraf\lib\core\network\client.js:315:19)
    at process.processTicksAndRejections (node:internal/process/task_queues:95:5) {
  response: {
    ok: false,
    error_code: 400,
    description: 'Bad Request: chat not found'
  },
  on: {
    method: 'sendPhoto',
    payload: {
      chat_id: '-1001612997545',
      photo: [Object],
      caption: 'Coded by <a href="https://t.me/oliy_ong_leader">Oliy Ong</a>',
      parse_mode: 'HTML'
    }
  }
}
Unhandled Rejection at: Promise {
  <rejected> TelegramError: 400: Bad Request: chat not found
      at Telegram.callApi (C:\Users\User\Desktop\NODEJS\AnvarjonBiznesInveset\node_modules\telegraf\lib\core\network\client.js:315:19)
      at process.processTicksAndRejections (node:internal/process/task_queues:95:5) {
    response: {
      ok: false,
      error_code: 400,
      description: 'Bad Request: chat not found'
    },
    on: { method: 'sendPhoto', payload: [Object] }
  }
} reason: TelegramError: 400: Bad Request: chat not found
    at Telegram.callApi (C:\Users\User\Desktop\NODEJS\AnvarjonBiznesInveset\node_modules\telegraf\lib\core\network\client.js:315:19)
    at process.processTicksAndRejections (node:internal/process/task_queues:95:5) {
  response: {
    ok: false,
    error_code: 400,
    description: 'Bad Request: chat not found'
  },
  on: {
    method: 'sendPhoto',
    payload: {
      chat_id: '-1001502142101',
      photo: [Object],
      caption: 'Coded by <a href="https://t.me/oliy_ong_leader">Oliy Ong</a>',
      parse_mode: 'HTML'
    }
  }
}
